Build started 10/19/2015 3:29:00 PM.
     1>Project "C:\Users\Tanya\documents\visual studio 2013\Projects\PracticeTest1\PracticeTest1\PracticeTest1.vcxproj" on node 2 (ClCompile target(s)).
     1>ClCompile:
         C:\Program Files (x86)\Microsoft Visual Studio 12.0\VC\bin\CL.exe /c /ZI /nologo /W3 /WX- /sdl /Od /Oy- /D _MBCS /Gm /EHsc /RTC1 /MDd /GS /fp:precise /Zc:wchar_t /Zc:forScope /Fo"Debug\\" /Fd"Debug\vc120.pdb" /Gd /TP /analyze- /errorReport:prompt Source.cpp
         Source.cpp
     1>c:\users\tanya\documents\visual studio 2013\projects\practicetest1\practicetest1\source.cpp(52): error C2039: 'foo' : is not a member of 'Base'
                 c:\users\tanya\documents\visual studio 2013\projects\practicetest1\practicetest1\source.cpp(5) : see declaration of 'Base'
     1>Done Building Project "C:\Users\Tanya\documents\visual studio 2013\Projects\PracticeTest1\PracticeTest1\PracticeTest1.vcxproj" (ClCompile target(s)) -- FAILED.

Build FAILED.

Time Elapsed 00:00:00.80
