Build started 4/20/2015 11:17:08 PM.
     1>Project "C:\Users\Tanya\documents\visual studio 2013\Projects\Practice\Practice\Practice.vcxproj" on node 2 (Build target(s)).
     1>ClCompile:
         C:\Program Files (x86)\Microsoft Visual Studio 12.0\VC\bin\CL.exe /c /ZI /nologo /W3 /WX- /sdl /Od /Oy- /D _MBCS /Gm /EHsc /RTC1 /MDd /GS /fp:precise /Zc:wchar_t /Zc:forScope /Fo"Debug\\" /Fd"Debug\vc120.pdb" /Gd /TP /analyze- /errorReport:prompt Linkedlists.cpp
         Linkedlists.cpp
     1>c:\users\tanya\documents\visual studio 2013\projects\practice\practice\linkedlists.cpp(18): error C2661: 'Node::Node' : no overloaded function takes 2 arguments
     1>Done Building Project "C:\Users\Tanya\documents\visual studio 2013\Projects\Practice\Practice\Practice.vcxproj" (Build target(s)) -- FAILED.

Build FAILED.

Time Elapsed 00:00:00.43
